<?xml version="1.0" encoding="UTF-8"?>
<!-- Generated by org.testng.reporters.JUnitReportReporter -->
<testsuite hostname="LAPNG9-ABDW" failures="0" tests="1" name="example.NewTest" time="44.551" errors="0" timestamp="2023-02-14T16:15:53 IST" skipped="0">
  <testcase classname="example.NewTest" name="testEasy" time="44.551"/>
  <system-out/>
</testsuite> <!-- example.NewTest -->
